<?xml version="1.0" encoding="UTF-8"?>
<!-- Generated by org.testng.reporters.JUnitReportReporter -->
<testsuite skipped="19" hostname="localhost" name="com.uxin.usedcar.testCase.ValuableBookTest" tests="19" failures="0" timestamp="07 Apr 2018 15:23:01 GMT" time="0.001" errors="0">
  <testcase name="test_413_BaiKeCheck" time="0.000" classname="com.uxin.usedcar.testCase.ValuableBookTest">
    <skipped/>
  </testcase> <!-- test_413_BaiKeCheck -->
  <testcase name="test_402_searchBar" time="0.000" classname="com.uxin.usedcar.testCase.ValuableBookTest">
    <skipped/>
  </testcase> <!-- test_402_searchBar -->
  <testcase name="test_416_moreZIXUN" time="0.000" classname="com.uxin.usedcar.testCase.ValuableBookTest">
    <skipped/>
  </testcase> <!-- test_416_moreZIXUN -->
  <testcase name="test_409_searchSuggest" time="0.000" classname="com.uxin.usedcar.testCase.ValuableBookTest">
    <skipped/>
  </testcase> <!-- test_409_searchSuggest -->
  <testcase name="test_407_WDSubmit" time="0.000" classname="com.uxin.usedcar.testCase.ValuableBookTest">
    <skipped/>
  </testcase> <!-- test_407_WDSubmit -->
  <testcase name="test_417_RMZX" time="0.000" classname="com.uxin.usedcar.testCase.ValuableBookTest">
    <skipped/>
  </testcase> <!-- test_417_RMZX -->
  <testcase name="test_411_ZXShare" time="0.000" classname="com.uxin.usedcar.testCase.ValuableBookTest">
    <skipped/>
  </testcase> <!-- test_411_ZXShare -->
  <testcase name="test_418_RMZXMore" time="0.000" classname="com.uxin.usedcar.testCase.ValuableBookTest">
    <skipped/>
  </testcase> <!-- test_418_RMZXMore -->
  <testcase name="test_401_QGZG" time="0.000" classname="com.uxin.usedcar.testCase.ValuableBookTest">
    <skipped/>
  </testcase> <!-- test_401_QGZG -->
  <testcase name="test_405_BZB" time="0.000" classname="com.uxin.usedcar.testCase.ValuableBookTest">
    <skipped/>
  </testcase> <!-- test_405_BZB -->
  <testcase name="test_403_wendaFocus" time="0.000" classname="com.uxin.usedcar.testCase.ValuableBookTest">
    <skipped/>
  </testcase> <!-- test_403_wendaFocus -->
  <testcase name="test_415_TIWEN" time="0.000" classname="com.uxin.usedcar.testCase.ValuableBookTest">
    <skipped/>
  </testcase> <!-- test_415_TIWEN -->
  <testcase name="test_404_wendaFocus" time="0.000" classname="com.uxin.usedcar.testCase.ValuableBookTest">
    <skipped/>
  </testcase> <!-- test_404_wendaFocus -->
  <testcase name="test_414_ZXBaiKe" time="0.000" classname="com.uxin.usedcar.testCase.ValuableBookTest">
    <skipped/>
  </testcase> <!-- test_414_ZXBaiKe -->
  <testcase name="test_408_WDCarList" time="0.000" classname="com.uxin.usedcar.testCase.ValuableBookTest">
    <skipped/>
  </testcase> <!-- test_408_WDCarList -->
  <testcase name="test_412_BaiKeCheck" time="0.000" classname="com.uxin.usedcar.testCase.ValuableBookTest">
    <skipped/>
  </testcase> <!-- test_412_BaiKeCheck -->
  <testcase name="test_419_RMZXMore" time="0.001" classname="com.uxin.usedcar.testCase.ValuableBookTest">
    <skipped/>
  </testcase> <!-- test_419_RMZXMore -->
  <testcase name="test_406_WDSubmit" time="0.000" classname="com.uxin.usedcar.testCase.ValuableBookTest">
    <skipped/>
  </testcase> <!-- test_406_WDSubmit -->
  <testcase name="test_410_searchSuggest" time="0.000" classname="com.uxin.usedcar.testCase.ValuableBookTest">
    <skipped/>
  </testcase> <!-- test_410_searchSuggest -->
</testsuite> <!-- com.uxin.usedcar.testCase.ValuableBookTest -->
