<?xml version="1.0" encoding="UTF-8"?>
<!-- Generated by org.testng.reporters.JUnitReportReporter -->
<testsuite skipped="18" hostname="localhost" name="com.uxin.usedcar.testCase.HomePageTest" tests="18" failures="0" timestamp="07 Apr 2018 15:23:01 GMT" time="0.000" errors="0">
  <testcase name="test_1301_YXRZJS" time="0.000" classname="com.uxin.usedcar.testCase.HomePageTest">
    <skipped/>
  </testcase> <!-- test_1301_YXRZJS -->
  <testcase name="test_1601_RMTJ" time="0.000" classname="com.uxin.usedcar.testCase.HomePageTest">
    <skipped/>
  </testcase> <!-- test_1601_RMTJ -->
  <testcase name="test_1501_YCG1" time="0.000" classname="com.uxin.usedcar.testCase.HomePageTest">
    <skipped/>
  </testcase> <!-- test_1501_YCG1 -->
  <testcase name="test_1104_GJ" time="0.000" classname="com.uxin.usedcar.testCase.HomePageTest">
    <skipped/>
  </testcase> <!-- test_1104_GJ -->
  <testcase name="test_1101_MC" time="0.000" classname="com.uxin.usedcar.testCase.HomePageTest">
    <skipped/>
  </testcase> <!-- test_1101_MC -->
  <testcase name="test_1502_YCGBN" time="0.000" classname="com.uxin.usedcar.testCase.HomePageTest">
    <skipped/>
  </testcase> <!-- test_1502_YCGBN -->
  <testcase name="test_1700_WDDY" time="0.000" classname="com.uxin.usedcar.testCase.HomePageTest">
    <skipped/>
  </testcase> <!-- test_1700_WDDY -->
  <testcase name="test_1403_QBCY" time="0.000" classname="com.uxin.usedcar.testCase.HomePageTest">
    <skipped/>
  </testcase> <!-- test_1403_QBCY -->
  <testcase name="test_1102_YCG" time="0.000" classname="com.uxin.usedcar.testCase.HomePageTest">
    <skipped/>
  </testcase> <!-- test_1102_YCG -->
  <testcase name="test_1105_ZNXC" time="0.000" classname="com.uxin.usedcar.testCase.HomePageTest">
    <skipped/>
  </testcase> <!-- test_1105_ZNXC -->
  <testcase name="test_1201_CNXH" time="0.000" classname="com.uxin.usedcar.testCase.HomePageTest">
    <skipped/>
  </testcase> <!-- test_1201_CNXH -->
  <testcase name="test_1302_YCGJS" time="0.000" classname="com.uxin.usedcar.testCase.HomePageTest">
    <skipped/>
  </testcase> <!-- test_1302_YCGJS -->
  <testcase name="test_1001_CSXZ" time="0.000" classname="com.uxin.usedcar.testCase.HomePageTest">
    <skipped/>
  </testcase> <!-- test_1001_CSXZ -->
  <testcase name="test_1401_RMJG" time="0.000" classname="com.uxin.usedcar.testCase.HomePageTest">
    <skipped/>
  </testcase> <!-- test_1401_RMJG -->
  <testcase name="test_1402_RMPP" time="0.000" classname="com.uxin.usedcar.testCase.HomePageTest">
    <skipped/>
  </testcase> <!-- test_1402_RMPP -->
  <testcase name="test_1202_GDCY" time="0.000" classname="com.uxin.usedcar.testCase.HomePageTest">
    <skipped/>
  </testcase> <!-- test_1202_GDCY -->
  <testcase name="test_1800_CXKP" time="0.000" classname="com.uxin.usedcar.testCase.HomePageTest">
    <skipped/>
  </testcase> <!-- test_1800_CXKP -->
  <testcase name="test_1103_MC" time="0.000" classname="com.uxin.usedcar.testCase.HomePageTest">
    <skipped/>
  </testcase> <!-- test_1103_MC -->
</testsuite> <!-- com.uxin.usedcar.testCase.HomePageTest -->
