<?xml version="1.0" encoding="UTF-8"?>
<!-- Generated by org.testng.reporters.JUnitReportReporter -->
<testsuite skipped="11" hostname="localhost" name="com.uxin.usedcar.testCase.MyTest" tests="11" failures="0" timestamp="07 Apr 2018 15:23:01 GMT" time="0.000" errors="0">
  <testcase name="test_5100_xx" time="0.000" classname="com.uxin.usedcar.testCase.MyTest">
    <skipped/>
  </testcase> <!-- test_5100_xx -->
  <testcase name="test_5900_dykg" time="0.000" classname="com.uxin.usedcar.testCase.MyTest">
    <skipped/>
  </testcase> <!-- test_5900_dykg -->
  <testcase name="test_5710_wdsc" time="0.000" classname="com.uxin.usedcar.testCase.MyTest">
    <skipped/>
  </testcase> <!-- test_5710_wdsc -->
  <testcase name="test_5720_wddy" time="0.000" classname="com.uxin.usedcar.testCase.MyTest">
    <skipped/>
  </testcase> <!-- test_5720_wddy -->
  <testcase name="test_5640_CNXH" time="0.000" classname="com.uxin.usedcar.testCase.MyTest">
    <skipped/>
  </testcase> <!-- test_5640_CNXH -->
  <testcase name="test_5630_gjx" time="0.000" classname="com.uxin.usedcar.testCase.MyTest">
    <skipped/>
  </testcase> <!-- test_5630_gjx -->
  <testcase name="test_5710_ZADL" time="0.000" classname="com.uxin.usedcar.testCase.MyTest">
    <skipped/>
  </testcase> <!-- test_5710_ZADL -->
  <testcase name="test_5620_yxgj" time="0.000" classname="com.uxin.usedcar.testCase.MyTest">
    <skipped/>
  </testcase> <!-- test_5620_yxgj -->
  <testcase name="test_5530_wmaidc" time="0.000" classname="com.uxin.usedcar.testCase.MyTest">
    <skipped/>
  </testcase> <!-- test_5530_wmaidc -->
  <testcase name="test_5510_wmdc" time="0.000" classname="com.uxin.usedcar.testCase.MyTest">
    <skipped/>
  </testcase> <!-- test_5510_wmdc -->
  <testcase name="test_5710_llls" time="0.000" classname="com.uxin.usedcar.testCase.MyTest">
    <skipped/>
  </testcase> <!-- test_5710_llls -->
</testsuite> <!-- com.uxin.usedcar.testCase.MyTest -->
