<?xml version="1.0" encoding="UTF-8"?>
<!-- Generated by org.testng.reporters.JUnitReportReporter -->
<testsuite skipped="38" hostname="localhost" name="com.uxin.usedcar.testCase.BuyCarTest" tests="38" failures="0" timestamp="07 Apr 2018 15:23:01 GMT" time="0.000" errors="0">
  <testcase name="test_2509_HelpFindCar" time="0.000" classname="com.uxin.usedcar.testCase.BuyCarTest">
    <skipped/>
  </testcase> <!-- test_2509_HelpFindCar -->
  <testcase name="test_2741_IM" time="0.000" classname="com.uxin.usedcar.testCase.BuyCarTest">
    <skipped/>
  </testcase> <!-- test_2741_IM -->
  <testcase name="test_2503_serch_2" time="0.000" classname="com.uxin.usedcar.testCase.BuyCarTest">
    <skipped/>
  </testcase> <!-- test_2503_serch_2 -->
  <testcase name="test_2628_carlistSeeListExpo" time="0.000" classname="com.uxin.usedcar.testCase.BuyCarTest">
    <skipped/>
  </testcase> <!-- test_2628_carlistSeeListExpo -->
  <testcase name="test_2627_halfcarlist" time="0.000" classname="com.uxin.usedcar.testCase.BuyCarTest">
    <skipped/>
  </testcase> <!-- test_2627_halfcarlist -->
  <testcase name="test_2740_defectPointDetail" time="0.000" classname="com.uxin.usedcar.testCase.BuyCarTest">
    <skipped/>
  </testcase> <!-- test_2740_defectPointDetail -->
  <testcase name="test_2506_brand_fyb" time="0.000" classname="com.uxin.usedcar.testCase.BuyCarTest">
    <skipped/>
  </testcase> <!-- test_2506_brand_fyb -->
  <testcase name="test_2514_YYKC_Delete" time="0.000" classname="com.uxin.usedcar.testCase.BuyCarTest">
    <skipped/>
  </testcase> <!-- test_2514_YYKC_Delete -->
  <testcase name="test_2513_car_compare" time="0.000" classname="com.uxin.usedcar.testCase.BuyCarTest">
    <skipped/>
  </testcase> <!-- test_2513_car_compare -->
  <testcase name="test_2737_tuijianCard" time="0.000" classname="com.uxin.usedcar.testCase.BuyCarTest">
    <skipped/>
  </testcase> <!-- test_2737_tuijianCard -->
  <testcase name="test_2501_carShow" time="0.000" classname="com.uxin.usedcar.testCase.BuyCarTest">
    <skipped/>
  </testcase> <!-- test_2501_carShow -->
  <testcase name="test_2629_YXRZ" time="0.000" classname="com.uxin.usedcar.testCase.BuyCarTest">
    <skipped/>
  </testcase> <!-- test_2629_YXRZ -->
  <testcase name="test_2512_list_recommend_fyb" time="0.000" classname="com.uxin.usedcar.testCase.BuyCarTest">
    <skipped/>
  </testcase> <!-- test_2512_list_recommend_fyb -->
  <testcase name="test_2634_defectDetail" time="0.000" classname="com.uxin.usedcar.testCase.BuyCarTest">
    <skipped/>
  </testcase> <!-- test_2634_defectDetail -->
  <testcase name="test_2511_list_recommend" time="0.000" classname="com.uxin.usedcar.testCase.BuyCarTest">
    <skipped/>
  </testcase> <!-- test_2511_list_recommend -->
  <testcase name="test_2520_CHAOZHI" time="0.000" classname="com.uxin.usedcar.testCase.BuyCarTest">
    <skipped/>
  </testcase> <!-- test_2520_CHAOZHI -->
  <testcase name="test_2515_YYKC" time="0.000" classname="com.uxin.usedcar.testCase.BuyCarTest">
    <skipped/>
  </testcase> <!-- test_2515_YYKC -->
  <testcase name="test_2507_price" time="0.000" classname="com.uxin.usedcar.testCase.BuyCarTest">
    <skipped/>
  </testcase> <!-- test_2507_price -->
  <testcase name="test_2502_serch_1" time="0.000" classname="com.uxin.usedcar.testCase.BuyCarTest">
    <skipped/>
  </testcase> <!-- test_2502_serch_1 -->
  <testcase name="test_2736_tuijianCard" time="0.000" classname="com.uxin.usedcar.testCase.BuyCarTest">
    <skipped/>
  </testcase> <!-- test_2736_tuijianCard -->
  <testcase name="test_2510_HelpFindCar_fyb" time="0.000" classname="com.uxin.usedcar.testCase.BuyCarTest">
    <skipped/>
  </testcase> <!-- test_2510_HelpFindCar_fyb -->
  <testcase name="test_2505_brand" time="0.000" classname="com.uxin.usedcar.testCase.BuyCarTest">
    <skipped/>
  </testcase> <!-- test_2505_brand -->
  <testcase name="test_2635_defectDetail" time="0.000" classname="com.uxin.usedcar.testCase.BuyCarTest">
    <skipped/>
  </testcase> <!-- test_2635_defectDetail -->
  <testcase name="test_2517_YYKC_KCRC" time="0.000" classname="com.uxin.usedcar.testCase.BuyCarTest">
    <skipped/>
  </testcase> <!-- test_2517_YYKC_KCRC -->
  <testcase name="test_2518_SHARE" time="0.000" classname="com.uxin.usedcar.testCase.BuyCarTest">
    <skipped/>
  </testcase> <!-- test_2518_SHARE -->
  <testcase name="test_2523_PZLD" time="0.000" classname="com.uxin.usedcar.testCase.BuyCarTest">
    <skipped/>
  </testcase> <!-- test_2523_PZLD -->
  <testcase name="test_2626_navigation_tab" time="0.000" classname="com.uxin.usedcar.testCase.BuyCarTest">
    <skipped/>
  </testcase> <!-- test_2626_navigation_tab -->
  <testcase name="test_2521_FQG_Detail" time="0.000" classname="com.uxin.usedcar.testCase.BuyCarTest">
    <skipped/>
  </testcase> <!-- test_2521_FQG_Detail -->
  <testcase name="test_2504_city" time="0.000" classname="com.uxin.usedcar.testCase.BuyCarTest">
    <skipped/>
  </testcase> <!-- test_2504_city -->
  <testcase name="test_2632_33_examineReportPage" time="0.000" classname="com.uxin.usedcar.testCase.BuyCarTest">
    <skipped/>
  </testcase> <!-- test_2632_33_examineReportPage -->
  <testcase name="test_2739_switchSeeList" time="0.000" classname="com.uxin.usedcar.testCase.BuyCarTest">
    <skipped/>
  </testcase> <!-- test_2739_switchSeeList -->
  <testcase name="test_2738_tuijianCard" time="0.000" classname="com.uxin.usedcar.testCase.BuyCarTest">
    <skipped/>
  </testcase> <!-- test_2738_tuijianCard -->
  <testcase name="test_2524_CKGY" time="0.000" classname="com.uxin.usedcar.testCase.BuyCarTest">
    <skipped/>
  </testcase> <!-- test_2524_CKGY -->
  <testcase name="test_2522_CYDT" time="0.000" classname="com.uxin.usedcar.testCase.BuyCarTest">
    <skipped/>
  </testcase> <!-- test_2522_CYDT -->
  <testcase name="test_2519_BIG_PICTURE" time="0.000" classname="com.uxin.usedcar.testCase.BuyCarTest">
    <skipped/>
  </testcase> <!-- test_2519_BIG_PICTURE -->
  <testcase name="test_2631_examineVideoDetail" time="0.000" classname="com.uxin.usedcar.testCase.BuyCarTest">
    <skipped/>
  </testcase> <!-- test_2631_examineVideoDetail -->
  <testcase name="test_2508_filter" time="0.000" classname="com.uxin.usedcar.testCase.BuyCarTest">
    <skipped/>
  </testcase> <!-- test_2508_filter -->
  <testcase name="test_2625_carDetailAll" time="0.000" classname="com.uxin.usedcar.testCase.BuyCarTest">
    <skipped/>
  </testcase> <!-- test_2625_carDetailAll -->
</testsuite> <!-- com.uxin.usedcar.testCase.BuyCarTest -->
